<?xml version="1.0" ?>
<!DOCTYPE coverage SYSTEM "http://cobertura.sourceforge.net/xml/coverage-04.dtd">
<coverage lines-valid="1260" lines-covered="782" line-rate="0.6206" branches-valid="532" branches-covered="303" branch-rate="0.5695" timestamp="1652305119019" complexity="0" version="0.1">
  <sources>
    <source>/Users/evertonrenan/Dev/clevertech/madnet/alicenetjs</source>
  </sources>
  <packages>
    <package name="alicenetjs" line-rate="1" branch-rate="1">
      <classes>
        <class name=".mocharc.js" filename=".mocharc.js" line-rate="1" branch-rate="1">
          <methods>
          </methods>
          <lines>
            <line number="1" hits="1" branch="false"/>
          </lines>
        </class>
        <class name="index.js" filename="index.js" line-rate="1" branch-rate="1">
          <methods>
          </methods>
          <lines>
            <line number="10" hits="1" branch="false"/>
            <line number="11" hits="1" branch="false"/>
          </lines>
        </class>
      </classes>
    </package>
    <package name="alicenetjs.src" line-rate="0.7772" branch-rate="0.6574">
      <classes>
        <class name="Account.js" filename="src/Account.js" line-rate="0.9639" branch-rate="0.8461">
          <methods>
            <method name="(anonymous_0)" hits="68" signature="()V">
              <lines>
                <line number="18" hits="68"/>
              </lines>
            </method>
            <method name="(anonymous_1)" hits="18" signature="()V">
              <lines>
                <line number="31" hits="18"/>
              </lines>
            </method>
            <method name="(anonymous_2)" hits="1" signature="()V">
              <lines>
                <line number="47" hits="1"/>
              </lines>
            </method>
            <method name="(anonymous_3)" hits="1" signature="()V">
              <lines>
                <line number="48" hits="1"/>
              </lines>
            </method>
            <method name="(anonymous_4)" hits="1" signature="()V">
              <lines>
                <line number="49" hits="1"/>
              </lines>
            </method>
            <method name="(anonymous_5)" hits="1" signature="()V">
              <lines>
                <line number="50" hits="1"/>
              </lines>
            </method>
            <method name="(anonymous_6)" hits="1" signature="()V">
              <lines>
                <line number="54" hits="1"/>
              </lines>
            </method>
            <method name="(anonymous_7)" hits="22" signature="()V">
              <lines>
                <line number="70" hits="22"/>
              </lines>
            </method>
            <method name="(anonymous_8)" hits="2" signature="()V">
              <lines>
                <line number="106" hits="2"/>
              </lines>
            </method>
            <method name="(anonymous_9)" hits="2" signature="()V">
              <lines>
                <line number="132" hits="2"/>
              </lines>
            </method>
            <method name="(anonymous_10)" hits="43" signature="()V">
              <lines>
                <line number="147" hits="43"/>
              </lines>
            </method>
            <method name="(anonymous_11)" hits="19" signature="()V">
              <lines>
                <line number="167" hits="19"/>
              </lines>
            </method>
            <method name="(anonymous_12)" hits="3" signature="()V">
              <lines>
                <line number="187" hits="3"/>
              </lines>
            </method>
            <method name="(anonymous_13)" hits="3" signature="()V">
              <lines>
                <line number="215" hits="3"/>
              </lines>
            </method>
            <method name="(anonymous_14)" hits="9" signature="()V">
              <lines>
                <line number="249" hits="9"/>
              </lines>
            </method>
          </methods>
          <lines>
            <line number="1" hits="1" branch="false"/>
            <line number="2" hits="1" branch="false"/>
            <line number="3" hits="1" branch="false"/>
            <line number="5" hits="1" branch="false"/>
            <line number="19" hits="68" branch="false"/>
            <line number="20" hits="68" branch="false"/>
            <line number="32" hits="18" branch="false"/>
            <line number="42" hits="18" branch="false"/>
            <line number="47" hits="1" branch="false"/>
            <line number="48" hits="1" branch="false"/>
            <line number="49" hits="1" branch="false"/>
            <line number="51" hits="1" branch="false"/>
            <line number="52" hits="1" branch="false"/>
            <line number="55" hits="1" branch="false"/>
            <line number="56" hits="1" branch="false"/>
            <line number="60" hits="18" branch="false"/>
            <line number="61" hits="18" branch="false"/>
            <line number="71" hits="22" branch="false"/>
            <line number="72" hits="22" branch="false"/>
            <line number="73" hits="19" branch="false"/>
            <line number="75" hits="18" branch="true" condition-coverage="75% (3/4)"/>
            <line number="76" hits="0" branch="false"/>
            <line number="80" hits="18" branch="true" condition-coverage="100% (2/2)"/>
            <line number="81" hits="14" branch="false"/>
            <line number="84" hits="4" branch="false"/>
            <line number="85" hits="4" branch="false"/>
            <line number="87" hits="18" branch="false"/>
            <line number="88" hits="18" branch="false"/>
            <line number="89" hits="9" branch="true" condition-coverage="100% (2/2)"/>
            <line number="90" hits="1" branch="false"/>
            <line number="93" hits="17" branch="false"/>
            <line number="94" hits="17" branch="false"/>
            <line number="97" hits="5" branch="false"/>
            <line number="107" hits="2" branch="false"/>
            <line number="108" hits="2" branch="true" condition-coverage="100% (5/5)"/>
            <line number="109" hits="1" branch="false"/>
            <line number="111" hits="1" branch="false"/>
            <line number="112" hits="1" branch="false"/>
            <line number="113" hits="1" branch="false"/>
            <line number="114" hits="1" branch="false"/>
            <line number="116" hits="1" branch="false"/>
            <line number="117" hits="1" branch="false"/>
            <line number="118" hits="1" branch="false"/>
            <line number="119" hits="1" branch="false"/>
            <line number="120" hits="1" branch="false"/>
            <line number="121" hits="1" branch="false"/>
            <line number="124" hits="1" branch="false"/>
            <line number="133" hits="2" branch="false"/>
            <line number="134" hits="2" branch="false"/>
            <line number="135" hits="1" branch="false"/>
            <line number="138" hits="1" branch="false"/>
            <line number="148" hits="43" branch="false"/>
            <line number="149" hits="43" branch="false"/>
            <line number="150" hits="43" branch="false"/>
            <line number="151" hits="55" branch="true" condition-coverage="100% (2/2)"/>
            <line number="152" hits="40" branch="false"/>
            <line number="155" hits="3" branch="false"/>
            <line number="158" hits="3" branch="false"/>
            <line number="168" hits="19" branch="false"/>
            <line number="169" hits="19" branch="false"/>
            <line number="170" hits="18" branch="false"/>
            <line number="171" hits="36" branch="true" condition-coverage="100% (2/2)"/>
            <line number="172" hits="14" branch="false"/>
            <line number="175" hits="4" branch="false"/>
            <line number="178" hits="5" branch="false"/>
            <line number="188" hits="3" branch="false"/>
            <line number="189" hits="3" branch="false"/>
            <line number="190" hits="3" branch="false"/>
            <line number="191" hits="2" branch="false"/>
            <line number="192" hits="2" branch="false"/>
            <line number="193" hits="2" branch="false"/>
            <line number="194" hits="2" branch="false"/>
            <line number="195" hits="2" branch="false"/>
            <line number="196" hits="2" branch="false"/>
            <line number="197" hits="2" branch="false"/>
            <line number="198" hits="2" branch="false"/>
            <line number="199" hits="2" branch="false"/>
            <line number="200" hits="2" branch="false"/>
            <line number="201" hits="2" branch="false"/>
            <line number="202" hits="2" branch="false"/>
            <line number="203" hits="2" branch="false"/>
            <line number="206" hits="1" branch="false"/>
            <line number="216" hits="3" branch="false"/>
            <line number="217" hits="3" branch="true" condition-coverage="100% (2/2)"/>
            <line number="218" hits="1" branch="false"/>
            <line number="220" hits="3" branch="false"/>
            <line number="221" hits="3" branch="false"/>
            <line number="222" hits="2" branch="false"/>
            <line number="223" hits="2" branch="false"/>
            <line number="224" hits="2" branch="true" condition-coverage="50% (1/2)"/>
            <line number="225" hits="2" branch="false"/>
            <line number="227" hits="2" branch="true" condition-coverage="50% (1/2)"/>
            <line number="228" hits="0" branch="false"/>
            <line number="230" hits="2" branch="true" condition-coverage="50% (1/2)"/>
            <line number="231" hits="0" branch="false"/>
            <line number="233" hits="2" branch="false"/>
            <line number="234" hits="2" branch="false"/>
            <line number="235" hits="0" branch="false"/>
            <line number="237" hits="2" branch="false"/>
            <line number="240" hits="1" branch="false"/>
            <line number="250" hits="9" branch="false"/>
            <line number="251" hits="9" branch="false"/>
            <line number="252" hits="9" branch="false"/>
            <line number="253" hits="8" branch="false"/>
            <line number="254" hits="8" branch="false"/>
            <line number="255" hits="8" branch="false"/>
            <line number="256" hits="8" branch="false"/>
            <line number="257" hits="8" branch="false"/>
            <line number="258" hits="8" branch="false"/>
            <line number="261" hits="1" branch="false"/>
            <line number="266" hits="1" branch="false"/>
          </lines>
        </class>
        <class name="Constants.js" filename="src/Constants.js" line-rate="1" branch-rate="1">
          <methods>
          </methods>
          <lines>
            <line number="2" hits="1" branch="false"/>
            <line number="3" hits="1" branch="false"/>
            <line number="6" hits="1" branch="false"/>
            <line number="7" hits="1" branch="false"/>
            <line number="8" hits="1" branch="false"/>
            <line number="9" hits="1" branch="false"/>
            <line number="10" hits="1" branch="false"/>
            <line number="11" hits="1" branch="false"/>
            <line number="13" hits="1" branch="false"/>
          </lines>
        </class>
        <class name="RPC.js" filename="src/RPC.js" line-rate="0.8711" branch-rate="0.7563">
          <methods>
            <method name="(anonymous_0)" hits="68" signature="()V">
              <lines>
                <line number="19" hits="68"/>
              </lines>
            </method>
            <method name="(anonymous_1)" hits="42" signature="()V">
              <lines>
                <line number="32" hits="42"/>
              </lines>
            </method>
            <method name="(anonymous_2)" hits="2" signature="()V">
              <lines>
                <line number="52" hits="2"/>
              </lines>
            </method>
            <method name="(anonymous_3)" hits="11" signature="()V">
              <lines>
                <line number="69" hits="11"/>
              </lines>
            </method>
            <method name="(anonymous_4)" hits="42" signature="()V">
              <lines>
                <line number="85" hits="42"/>
              </lines>
            </method>
            <method name="(anonymous_5)" hits="10" signature="()V">
              <lines>
                <line number="101" hits="10"/>
              </lines>
            </method>
            <method name="(anonymous_6)" hits="6" signature="()V">
              <lines>
                <line number="117" hits="6"/>
              </lines>
            </method>
            <method name="(anonymous_7)" hits="17" signature="()V">
              <lines>
                <line number="134" hits="17"/>
              </lines>
            </method>
            <method name="(anonymous_8)" hits="12" signature="()V">
              <lines>
                <line number="173" hits="12"/>
              </lines>
            </method>
            <method name="(anonymous_9)" hits="23" signature="()V">
              <lines>
                <line number="217" hits="23"/>
              </lines>
            </method>
            <method name="(anonymous_10)" hits="20" signature="()V">
              <lines>
                <line number="266" hits="20"/>
              </lines>
            </method>
            <method name="(anonymous_11)" hits="7" signature="()V">
              <lines>
                <line number="271" hits="7"/>
              </lines>
            </method>
            <method name="(anonymous_12)" hits="1" signature="()V">
              <lines>
                <line number="286" hits="1"/>
              </lines>
            </method>
            <method name="(anonymous_13)" hits="14" signature="()V">
              <lines>
                <line number="312" hits="14"/>
              </lines>
            </method>
            <method name="(anonymous_14)" hits="3" signature="()V">
              <lines>
                <line number="332" hits="3"/>
              </lines>
            </method>
            <method name="(anonymous_15)" hits="4" signature="()V">
              <lines>
                <line number="349" hits="4"/>
              </lines>
            </method>
            <method name="(anonymous_16)" hits="1" signature="()V">
              <lines>
                <line number="366" hits="1"/>
              </lines>
            </method>
            <method name="(anonymous_17)" hits="2" signature="()V">
              <lines>
                <line number="383" hits="2"/>
              </lines>
            </method>
            <method name="(anonymous_18)" hits="5" signature="()V">
              <lines>
                <line number="404" hits="5"/>
              </lines>
            </method>
            <method name="(anonymous_19)" hits="3" signature="()V">
              <lines>
                <line number="423" hits="3"/>
              </lines>
            </method>
            <method name="(anonymous_20)" hits="139" signature="()V">
              <lines>
                <line number="442" hits="139"/>
              </lines>
            </method>
            <method name="(anonymous_21)" hits="196" signature="()V">
              <lines>
                <line number="462" hits="196"/>
              </lines>
            </method>
            <method name="(anonymous_22)" hits="93" signature="()V">
              <lines>
                <line number="483" hits="93"/>
              </lines>
            </method>
            <method name="(anonymous_23)" hits="83" signature="()V">
              <lines>
                <line number="505" hits="83"/>
              </lines>
            </method>
            <method name="(anonymous_24)" hits="83" signature="()V">
              <lines>
                <line number="506" hits="83"/>
              </lines>
            </method>
          </methods>
          <lines>
            <line number="1" hits="1" branch="false"/>
            <line number="2" hits="1" branch="false"/>
            <line number="3" hits="1" branch="false"/>
            <line number="5" hits="1" branch="false"/>
            <line number="20" hits="68" branch="false"/>
            <line number="21" hits="68" branch="true" condition-coverage="100% (2/2)"/>
            <line number="22" hits="68" branch="true" condition-coverage="100% (2/2)"/>
            <line number="23" hits="68" branch="true" condition-coverage="100% (2/2)"/>
            <line number="24" hits="40" branch="false"/>
            <line number="33" hits="42" branch="false"/>
            <line number="34" hits="42" branch="true" condition-coverage="100% (2/2)"/>
            <line number="35" hits="1" branch="false"/>
            <line number="37" hits="41" branch="false"/>
            <line number="38" hits="41" branch="false"/>
            <line number="39" hits="41" branch="false"/>
            <line number="40" hits="41" branch="false"/>
            <line number="42" hits="1" branch="false"/>
            <line number="53" hits="2" branch="false"/>
            <line number="54" hits="2" branch="false"/>
            <line number="55" hits="2" branch="false"/>
            <line number="56" hits="1" branch="true" condition-coverage="50% (1/2)"/>
            <line number="57" hits="0" branch="false"/>
            <line number="59" hits="1" branch="false"/>
            <line number="61" hits="1" branch="false"/>
            <line number="70" hits="11" branch="false"/>
            <line number="71" hits="11" branch="false"/>
            <line number="72" hits="11" branch="true" condition-coverage="50% (1/2)"/>
            <line number="73" hits="0" branch="false"/>
            <line number="75" hits="11" branch="false"/>
            <line number="77" hits="0" branch="false"/>
            <line number="86" hits="42" branch="false"/>
            <line number="87" hits="42" branch="false"/>
            <line number="88" hits="42" branch="true" condition-coverage="50% (1/2)"/>
            <line number="89" hits="0" branch="false"/>
            <line number="91" hits="42" branch="false"/>
            <line number="93" hits="0" branch="false"/>
            <line number="102" hits="10" branch="false"/>
            <line number="103" hits="10" branch="false"/>
            <line number="104" hits="10" branch="true" condition-coverage="50% (1/2)"/>
            <line number="105" hits="0" branch="false"/>
            <line number="107" hits="10" branch="false"/>
            <line number="109" hits="0" branch="false"/>
            <line number="118" hits="6" branch="false"/>
            <line number="119" hits="6" branch="false"/>
            <line number="120" hits="5" branch="true" condition-coverage="50% (1/2)"/>
            <line number="121" hits="0" branch="false"/>
            <line number="123" hits="5" branch="false"/>
            <line number="125" hits="1" branch="false"/>
            <line number="135" hits="17" branch="false"/>
            <line number="136" hits="17" branch="false"/>
            <line number="137" hits="17" branch="true" condition-coverage="100% (2/2)"/>
            <line number="138" hits="1" branch="false"/>
            <line number="140" hits="16" branch="false"/>
            <line number="141" hits="16" branch="false"/>
            <line number="142" hits="16" branch="false"/>
            <line number="143" hits="16" branch="false"/>
            <line number="144" hits="16" branch="false"/>
            <line number="145" hits="16" branch="false"/>
            <line number="146" hits="16" branch="false"/>
            <line number="147" hits="15" branch="true" condition-coverage="50% (1/2)"/>
            <line number="148" hits="0" branch="false"/>
            <line number="150" hits="15" branch="false"/>
            <line number="151" hits="171" branch="true" condition-coverage="100% (2/2)"/>
            <line number="152" hits="7" branch="false"/>
            <line number="153" hits="164" branch="true" condition-coverage="50% (1/2)"/>
            <line number="154" hits="164" branch="false"/>
            <line number="155" hits="0" branch="true" condition-coverage="0% (0/2)"/>
            <line number="156" hits="0" branch="false"/>
            <line number="160" hits="15" branch="false"/>
            <line number="162" hits="2" branch="false"/>
            <line number="174" hits="12" branch="false"/>
            <line number="175" hits="12" branch="true" condition-coverage="100% (4/4)"/>
            <line number="176" hits="1" branch="false"/>
            <line number="178" hits="11" branch="false"/>
            <line number="179" hits="11" branch="false"/>
            <line number="180" hits="11" branch="true" condition-coverage="100% (2/2)"/>
            <line number="181" hits="5" branch="false"/>
            <line number="183" hits="6" branch="false"/>
            <line number="185" hits="11" branch="false"/>
            <line number="186" hits="11" branch="false"/>
            <line number="187" hits="11" branch="false"/>
            <line number="188" hits="11" branch="false"/>
            <line number="189" hits="11" branch="false"/>
            <line number="190" hits="11" branch="true" condition-coverage="80% (4/5)"/>
            <line number="191" hits="0" branch="false"/>
            <line number="193" hits="11" branch="false"/>
            <line number="194" hits="11" branch="false"/>
            <line number="195" hits="11" branch="true" condition-coverage="50% (1/2)"/>
            <line number="196" hits="11" branch="false"/>
            <line number="198" hits="0" branch="false"/>
            <line number="200" hits="11" branch="false"/>
            <line number="201" hits="11" branch="true" condition-coverage="100% (2/2)"/>
            <line number="202" hits="1" branch="false"/>
            <line number="204" hits="11" branch="false"/>
            <line number="206" hits="1" branch="false"/>
            <line number="218" hits="23" branch="false"/>
            <line number="219" hits="23" branch="true" condition-coverage="100% (4/4)"/>
            <line number="220" hits="3" branch="false"/>
            <line number="222" hits="20" branch="false"/>
            <line number="223" hits="20" branch="false"/>
            <line number="224" hits="20" branch="false"/>
            <line number="225" hits="20" branch="true" condition-coverage="100% (4/4)"/>
            <line number="226" hits="6" branch="true" condition-coverage="50% (1/2)"/>
            <line number="227" hits="6" branch="false"/>
            <line number="229" hits="6" branch="false"/>
            <line number="231" hits="14" branch="false"/>
            <line number="233" hits="20" branch="true" condition-coverage="100% (2/2)"/>
            <line number="234" hits="8" branch="false"/>
            <line number="236" hits="12" branch="false"/>
            <line number="238" hits="20" branch="false"/>
            <line number="239" hits="20" branch="false"/>
            <line number="240" hits="25" branch="false"/>
            <line number="241" hits="25" branch="false"/>
            <line number="242" hits="23" branch="true" condition-coverage="100% (2/2)"/>
            <line number="243" hits="15" branch="false"/>
            <line number="245" hits="8" branch="false"/>
            <line number="246" hits="8" branch="true" condition-coverage="100% (4/4)"/>
            <line number="247" hits="3" branch="false"/>
            <line number="249" hits="5" branch="false"/>
            <line number="252" hits="18" branch="false"/>
            <line number="254" hits="4" branch="false"/>
            <line number="267" hits="20" branch="false"/>
            <line number="268" hits="20" branch="false"/>
            <line number="269" hits="16" branch="false"/>
            <line number="271" hits="16" branch="false"/>
            <line number="272" hits="7" branch="false"/>
            <line number="274" hits="16" branch="false"/>
            <line number="276" hits="3" branch="false"/>
            <line number="287" hits="1" branch="false"/>
            <line number="288" hits="1" branch="false"/>
            <line number="289" hits="1" branch="false"/>
            <line number="290" hits="0" branch="false"/>
            <line number="291" hits="0" branch="true" condition-coverage="0% (0/5)"/>
            <line number="292" hits="0" branch="false"/>
            <line number="294" hits="0" branch="false"/>
            <line number="295" hits="0" branch="false"/>
            <line number="296" hits="0" branch="true" condition-coverage="0% (0/2)"/>
            <line number="297" hits="0" branch="false"/>
            <line number="299" hits="0" branch="false"/>
            <line number="301" hits="1" branch="false"/>
            <line number="313" hits="14" branch="false"/>
            <line number="314" hits="14" branch="false"/>
            <line number="315" hits="11" branch="true" condition-coverage="100% (2/2)"/>
            <line number="316" hits="3" branch="false"/>
            <line number="317" hits="3" branch="true" condition-coverage="50% (1/2)"/>
            <line number="318" hits="3" branch="false"/>
            <line number="321" hits="8" branch="false"/>
            <line number="323" hits="2" branch="false"/>
            <line number="333" hits="3" branch="false"/>
            <line number="334" hits="3" branch="false"/>
            <line number="335" hits="2" branch="true" condition-coverage="50% (1/2)"/>
            <line number="336" hits="0" branch="false"/>
            <line number="338" hits="2" branch="false"/>
            <line number="340" hits="1" branch="false"/>
            <line number="350" hits="4" branch="false"/>
            <line number="351" hits="4" branch="false"/>
            <line number="352" hits="1" branch="true" condition-coverage="50% (1/2)"/>
            <line number="353" hits="0" branch="false"/>
            <line number="355" hits="1" branch="false"/>
            <line number="357" hits="3" branch="false"/>
            <line number="367" hits="1" branch="false"/>
            <line number="368" hits="1" branch="false"/>
            <line number="369" hits="0" branch="true" condition-coverage="0% (0/2)"/>
            <line number="370" hits="0" branch="false"/>
            <line number="372" hits="0" branch="false"/>
            <line number="374" hits="1" branch="false"/>
            <line number="384" hits="2" branch="false"/>
            <line number="385" hits="2" branch="false"/>
            <line number="386" hits="1" branch="true" condition-coverage="50% (1/2)"/>
            <line number="387" hits="0" branch="false"/>
            <line number="389" hits="1" branch="false"/>
            <line number="391" hits="1" branch="false"/>
            <line number="405" hits="5" branch="false"/>
            <line number="406" hits="5" branch="true" condition-coverage="100% (2/2)"/>
            <line number="407" hits="2" branch="false"/>
            <line number="409" hits="3" branch="false"/>
            <line number="413" hits="1" branch="false"/>
            <line number="415" hits="4" branch="true" condition-coverage="100% (2/2)"/>
            <line number="416" hits="2" branch="false"/>
            <line number="418" hits="2" branch="false"/>
            <line number="419" hits="2" branch="false"/>
            <line number="424" hits="3" branch="false"/>
            <line number="425" hits="3" branch="false"/>
            <line number="426" hits="1" branch="false"/>
            <line number="428" hits="2" branch="true" condition-coverage="100% (2/2)"/>
            <line number="429" hits="1" branch="false"/>
            <line number="431" hits="1" branch="false"/>
            <line number="432" hits="1" branch="false"/>
            <line number="443" hits="139" branch="false"/>
            <line number="444" hits="139" branch="true" condition-coverage="50% (2/4)"/>
            <line number="445" hits="0" branch="false"/>
            <line number="447" hits="139" branch="true" condition-coverage="100% (2/2)"/>
            <line number="448" hits="1" branch="false"/>
            <line number="450" hits="138" branch="true" condition-coverage="50% (1/2)"/>
            <line number="451" hits="0" branch="false"/>
            <line number="453" hits="138" branch="true" condition-coverage="100% (2/2)"/>
            <line number="454" hits="68" branch="false"/>
            <line number="456" hits="138" branch="false"/>
            <line number="458" hits="138" branch="false"/>
            <line number="459" hits="218" branch="false"/>
            <line number="460" hits="218" branch="false"/>
            <line number="463" hits="196" branch="false"/>
            <line number="467" hits="21" branch="false"/>
            <line number="468" hits="20" branch="false"/>
            <line number="470" hits="196" branch="true" condition-coverage="100% (6/6)"/>
            <line number="471" hits="72" branch="true" condition-coverage="75% (3/4)"/>
            <line number="472" hits="72" branch="false"/>
            <line number="473" hits="60" branch="false"/>
            <line number="475" hits="124" branch="false"/>
            <line number="477" hits="124" branch="false"/>
            <line number="479" hits="14" branch="false"/>
            <line number="484" hits="93" branch="false"/>
            <line number="485" hits="93" branch="true" condition-coverage="100% (2/2)"/>
            <line number="486" hits="13" branch="false"/>
            <line number="488" hits="80" branch="true" condition-coverage="100% (2/2)"/>
            <line number="489" hits="20" branch="false"/>
            <line number="491" hits="60" branch="false"/>
            <line number="493" hits="80" branch="true" condition-coverage="100% (2/2)"/>
            <line number="494" hits="20" branch="false"/>
            <line number="496" hits="60" branch="false"/>
            <line number="498" hits="80" branch="false"/>
            <line number="499" hits="80" branch="false"/>
            <line number="501" hits="13" branch="false"/>
            <line number="506" hits="83" branch="false"/>
            <line number="510" hits="1" branch="false"/>
          </lines>
        </class>
        <class name="Transaction.js" filename="src/Transaction.js" line-rate="0.6114999999999999" branch-rate="0.5642">
          <methods>
            <method name="(anonymous_0)" hits="68" signature="()V">
              <lines>
                <line number="19" hits="68"/>
              </lines>
            </method>
            <method name="(anonymous_1)" hits="0" signature="()V">
              <lines>
                <line number="33" hits="0"/>
              </lines>
            </method>
            <method name="(anonymous_2)" hits="0" signature="()V">
              <lines>
                <line number="45" hits="0"/>
              </lines>
            </method>
            <method name="(anonymous_3)" hits="0" signature="()V">
              <lines>
                <line number="52" hits="0"/>
              </lines>
            </method>
            <method name="(anonymous_4)" hits="3" signature="()V">
              <lines>
                <line number="84" hits="3"/>
              </lines>
            </method>
            <method name="(anonymous_5)" hits="0" signature="()V">
              <lines>
                <line number="114" hits="0"/>
              </lines>
            </method>
            <method name="(anonymous_6)" hits="0" signature="()V">
              <lines>
                <line number="142" hits="0"/>
              </lines>
            </method>
            <method name="(anonymous_7)" hits="0" signature="()V">
              <lines>
                <line number="167" hits="0"/>
              </lines>
            </method>
            <method name="(anonymous_8)" hits="0" signature="()V">
              <lines>
                <line number="195" hits="0"/>
              </lines>
            </method>
            <method name="(anonymous_9)" hits="3" signature="()V">
              <lines>
                <line number="235" hits="3"/>
              </lines>
            </method>
            <method name="(anonymous_10)" hits="5" signature="()V">
              <lines>
                <line number="272" hits="5"/>
              </lines>
            </method>
            <method name="(anonymous_11)" hits="23" signature="()V">
              <lines>
                <line number="335" hits="23"/>
              </lines>
            </method>
            <method name="(anonymous_12)" hits="4" signature="()V">
              <lines>
                <line number="429" hits="4"/>
              </lines>
            </method>
            <method name="(anonymous_13)" hits="3" signature="()V">
              <lines>
                <line number="440" hits="3"/>
              </lines>
            </method>
            <method name="(anonymous_14)" hits="21" signature="()V">
              <lines>
                <line number="451" hits="21"/>
              </lines>
            </method>
            <method name="(anonymous_15)" hits="4" signature="()V">
              <lines>
                <line number="486" hits="4"/>
              </lines>
            </method>
            <method name="(anonymous_16)" hits="3" signature="()V">
              <lines>
                <line number="563" hits="3"/>
              </lines>
            </method>
            <method name="(anonymous_17)" hits="2" signature="()V">
              <lines>
                <line number="585" hits="2"/>
              </lines>
            </method>
            <method name="(anonymous_18)" hits="5" signature="()V">
              <lines>
                <line number="611" hits="5"/>
              </lines>
            </method>
          </methods>
          <lines>
            <line number="1" hits="1" branch="false"/>
            <line number="2" hits="1" branch="false"/>
            <line number="4" hits="1" branch="false"/>
            <line number="20" hits="68" branch="false"/>
            <line number="21" hits="68" branch="false"/>
            <line number="22" hits="68" branch="false"/>
            <line number="23" hits="68" branch="false"/>
            <line number="34" hits="0" branch="false"/>
            <line number="46" hits="0" branch="false"/>
            <line number="53" hits="0" branch="false"/>
            <line number="55" hits="0" branch="false"/>
            <line number="56" hits="0" branch="false"/>
            <line number="58" hits="0" branch="false"/>
            <line number="59" hits="0" branch="false"/>
            <line number="60" hits="0" branch="true" condition-coverage="0% (0/2)"/>
            <line number="61" hits="0" branch="false"/>
            <line number="63" hits="0" branch="true" condition-coverage="0% (0/2)"/>
            <line number="64" hits="0" branch="false"/>
            <line number="66" hits="0" branch="false"/>
            <line number="67" hits="0" branch="false"/>
            <line number="71" hits="0" branch="false"/>
            <line number="85" hits="3" branch="false"/>
            <line number="86" hits="3" branch="true" condition-coverage="50% (1/2)"/>
            <line number="87" hits="0" branch="false"/>
            <line number="89" hits="3" branch="true" condition-coverage="50% (1/2)"/>
            <line number="90" hits="0" branch="false"/>
            <line number="92" hits="3" branch="true" condition-coverage="50% (1/2)"/>
            <line number="93" hits="0" branch="false"/>
            <line number="95" hits="3" branch="false"/>
            <line number="96" hits="2" branch="false"/>
            <line number="97" hits="2" branch="false"/>
            <line number="98" hits="2" branch="false"/>
            <line number="99" hits="2" branch="false"/>
            <line number="101" hits="1" branch="false"/>
            <line number="102" hits="1" branch="false"/>
            <line number="115" hits="0" branch="false"/>
            <line number="116" hits="0" branch="true" condition-coverage="0% (0/2)"/>
            <line number="117" hits="0" branch="false"/>
            <line number="119" hits="0" branch="true" condition-coverage="0% (0/2)"/>
            <line number="120" hits="0" branch="false"/>
            <line number="122" hits="0" branch="true" condition-coverage="0% (0/2)"/>
            <line number="123" hits="0" branch="false"/>
            <line number="125" hits="0" branch="false"/>
            <line number="126" hits="0" branch="false"/>
            <line number="127" hits="0" branch="false"/>
            <line number="128" hits="0" branch="false"/>
            <line number="130" hits="0" branch="false"/>
            <line number="132" hits="0" branch="false"/>
            <line number="133" hits="0" branch="false"/>
            <line number="143" hits="0" branch="false"/>
            <line number="144" hits="0" branch="true" condition-coverage="0% (0/2)"/>
            <line number="145" hits="0" branch="false"/>
            <line number="147" hits="0" branch="true" condition-coverage="0% (0/2)"/>
            <line number="148" hits="0" branch="false"/>
            <line number="150" hits="0" branch="true" condition-coverage="0% (0/2)"/>
            <line number="151" hits="0" branch="false"/>
            <line number="153" hits="0" branch="false"/>
            <line number="154" hits="0" branch="false"/>
            <line number="155" hits="0" branch="false"/>
            <line number="158" hits="0" branch="false"/>
            <line number="159" hits="0" branch="false"/>
            <line number="168" hits="0" branch="false"/>
            <line number="169" hits="0" branch="true" condition-coverage="0% (0/2)"/>
            <line number="170" hits="0" branch="false"/>
            <line number="172" hits="0" branch="true" condition-coverage="0% (0/2)"/>
            <line number="173" hits="0" branch="false"/>
            <line number="175" hits="0" branch="false"/>
            <line number="176" hits="0" branch="false"/>
            <line number="177" hits="0" branch="false"/>
            <line number="180" hits="0" branch="false"/>
            <line number="196" hits="0" branch="false"/>
            <line number="197" hits="0" branch="true" condition-coverage="0% (0/2)"/>
            <line number="198" hits="0" branch="false"/>
            <line number="200" hits="0" branch="true" condition-coverage="0% (0/2)"/>
            <line number="201" hits="0" branch="false"/>
            <line number="205" hits="0" branch="false"/>
            <line number="206" hits="0" branch="false"/>
            <line number="208" hits="0" branch="false"/>
            <line number="209" hits="0" branch="false"/>
            <line number="212" hits="0" branch="true" condition-coverage="0% (0/4)"/>
            <line number="213" hits="0" branch="false"/>
            <line number="217" hits="0" branch="false"/>
            <line number="218" hits="0" branch="false"/>
            <line number="219" hits="0" branch="false"/>
            <line number="220" hits="0" branch="false"/>
            <line number="221" hits="0" branch="false"/>
            <line number="224" hits="0" branch="false"/>
            <line number="225" hits="0" branch="false"/>
            <line number="236" hits="3" branch="false"/>
            <line number="237" hits="3" branch="true" condition-coverage="75% (3/4)"/>
            <line number="238" hits="0" branch="false"/>
            <line number="240" hits="3" branch="false"/>
            <line number="241" hits="3" branch="false"/>
            <line number="242" hits="3" branch="true" condition-coverage="100% (2/2)"/>
            <line number="243" hits="1" branch="true" condition-coverage="50% (1/2)"/>
            <line number="244" hits="0" branch="false"/>
            <line number="246" hits="1" branch="false"/>
            <line number="249" hits="2" branch="false"/>
            <line number="250" hits="2" branch="true" condition-coverage="50% (1/2)"/>
            <line number="251" hits="0" branch="false"/>
            <line number="254" hits="3" branch="false"/>
            <line number="255" hits="3" branch="false"/>
            <line number="256" hits="3" branch="false"/>
            <line number="259" hits="0" branch="false"/>
            <line number="273" hits="5" branch="false"/>
            <line number="274" hits="5" branch="true" condition-coverage="83.33333333333334% (5/6)"/>
            <line number="275" hits="0" branch="false"/>
            <line number="277" hits="5" branch="false"/>
            <line number="278" hits="5" branch="false"/>
            <line number="279" hits="5" branch="false"/>
            <line number="280" hits="5" branch="false"/>
            <line number="281" hits="5" branch="true" condition-coverage="50% (1/2)"/>
            <line number="282" hits="0" branch="false"/>
            <line number="284" hits="5" branch="true" condition-coverage="50% (1/2)"/>
            <line number="285" hits="0" branch="false"/>
            <line number="286" hits="0" branch="true" condition-coverage="0% (0/2)"/>
            <line number="287" hits="0" branch="true" condition-coverage="0% (0/2)"/>
            <line number="288" hits="0" branch="false"/>
            <line number="290" hits="0" branch="true" condition-coverage="0% (0/2)"/>
            <line number="291" hits="0" branch="false"/>
            <line number="295" hits="5" branch="true" condition-coverage="50% (1/2)"/>
            <line number="296" hits="5" branch="true" condition-coverage="50% (1/2)"/>
            <line number="297" hits="5" branch="true" condition-coverage="100% (2/2)"/>
            <line number="298" hits="1" branch="false"/>
            <line number="300" hits="5" branch="false"/>
            <line number="303" hits="0" branch="false"/>
            <line number="306" hits="5" branch="false"/>
            <line number="307" hits="5" branch="true" condition-coverage="50% (1/2)"/>
            <line number="308" hits="0" branch="false"/>
            <line number="310" hits="5" branch="false"/>
            <line number="311" hits="5" branch="false"/>
            <line number="317" hits="5" branch="false"/>
            <line number="318" hits="5" branch="false"/>
            <line number="319" hits="5" branch="false"/>
            <line number="321" hits="0" branch="false"/>
            <line number="336" hits="23" branch="false"/>
            <line number="337" hits="23" branch="true" condition-coverage="100% (6/6)"/>
            <line number="338" hits="1" branch="false"/>
            <line number="340" hits="22" branch="false"/>
            <line number="341" hits="22" branch="false"/>
            <line number="342" hits="21" branch="true" condition-coverage="100% (2/2)"/>
            <line number="343" hits="1" branch="false"/>
            <line number="345" hits="20" branch="false"/>
            <line number="346" hits="18" branch="true" condition-coverage="50% (1/2)"/>
            <line number="347" hits="0" branch="false"/>
            <line number="349" hits="18" branch="true" condition-coverage="100% (2/2)"/>
            <line number="350" hits="8" branch="false"/>
            <line number="353" hits="10" branch="true" condition-coverage="100% (2/2)"/>
            <line number="354" hits="1" branch="false"/>
            <line number="356" hits="9" branch="false"/>
            <line number="357" hits="9" branch="false"/>
            <line number="358" hits="9" branch="true" condition-coverage="75% (3/4)"/>
            <line number="361" hits="0" branch="false"/>
            <line number="364" hits="17" branch="true" condition-coverage="100% (2/2)"/>
            <line number="365" hits="8" branch="false"/>
            <line number="368" hits="9" branch="false"/>
            <line number="370" hits="16" branch="false"/>
            <line number="371" hits="16" branch="false"/>
            <line number="372" hits="16" branch="false"/>
            <line number="373" hits="16" branch="false"/>
            <line number="374" hits="16" branch="true" condition-coverage="100% (2/2)"/>
            <line number="375" hits="7" branch="false"/>
            <line number="378" hits="9" branch="false"/>
            <line number="380" hits="15" branch="true" condition-coverage="100% (2/2)"/>
            <line number="381" hits="1" branch="false"/>
            <line number="383" hits="14" branch="true" condition-coverage="50% (1/2)"/>
            <line number="384" hits="14" branch="false"/>
            <line number="386" hits="14" branch="true" condition-coverage="100% (2/2)"/>
            <line number="387" hits="4" branch="false"/>
            <line number="388" hits="4" branch="true" condition-coverage="50% (1/2)"/>
            <line number="389" hits="4" branch="true" condition-coverage="50% (1/2)"/>
            <line number="390" hits="0" branch="false"/>
            <line number="392" hits="4" branch="false"/>
            <line number="393" hits="4" branch="true" condition-coverage="100% (2/2)"/>
            <line number="394" hits="1" branch="false"/>
            <line number="398" hits="13" branch="true" condition-coverage="100% (2/2)"/>
            <line number="399" hits="10" branch="true" condition-coverage="50% (1/2)"/>
            <line number="400" hits="10" branch="true" condition-coverage="100% (2/2)"/>
            <line number="401" hits="1" branch="false"/>
            <line number="403" hits="10" branch="false"/>
            <line number="404" hits="10" branch="false"/>
            <line number="407" hits="0" branch="false"/>
            <line number="410" hits="13" branch="false"/>
            <line number="418" hits="13" branch="false"/>
            <line number="419" hits="13" branch="false"/>
            <line number="420" hits="13" branch="false"/>
            <line number="422" hits="10" branch="false"/>
            <line number="430" hits="4" branch="false"/>
            <line number="431" hits="4" branch="false"/>
            <line number="434" hits="1" branch="false"/>
            <line number="441" hits="3" branch="false"/>
            <line number="442" hits="3" branch="false"/>
            <line number="452" hits="21" branch="false"/>
            <line number="453" hits="21" branch="false"/>
            <line number="454" hits="21" branch="false"/>
            <line number="455" hits="16" branch="true" condition-coverage="100% (2/2)"/>
            <line number="456" hits="15" branch="false"/>
            <line number="457" hits="15" branch="false"/>
            <line number="461" hits="21" branch="true" condition-coverage="100% (4/4)"/>
            <line number="462" hits="15" branch="false"/>
            <line number="463" hits="15" branch="true" condition-coverage="100% (2/2)"/>
            <line number="464" hits="9" branch="false"/>
            <line number="467" hits="6" branch="false"/>
            <line number="474" hits="0" branch="false"/>
            <line number="488" hits="4" branch="false"/>
            <line number="490" hits="4" branch="false"/>
            <line number="491" hits="4" branch="false"/>
            <line number="492" hits="4" branch="false"/>
            <line number="493" hits="5" branch="false"/>
            <line number="494" hits="5" branch="false"/>
            <line number="495" hits="5" branch="true" condition-coverage="50% (1/2)"/>
            <line number="496" hits="0" branch="false"/>
            <line number="499" hits="5" branch="true" condition-coverage="50% (1/2)"/>
            <line number="500" hits="0" branch="false"/>
            <line number="502" hits="5" branch="false"/>
            <line number="505" hits="5" branch="false"/>
            <line number="506" hits="12" branch="false"/>
            <line number="508" hits="10" branch="true" condition-coverage="100% (4/4)"/>
            <line number="509" hits="2" branch="false"/>
            <line number="510" hits="2" branch="true" condition-coverage="50% (1/2)"/>
            <line number="511" hits="2" branch="false"/>
            <line number="512" hits="2" branch="false"/>
            <line number="517" hits="3" branch="false"/>
            <line number="518" hits="3" branch="true" condition-coverage="50% (2/4)"/>
            <line number="519" hits="0" branch="false"/>
            <line number="529" hits="0" branch="false"/>
            <line number="530" hits="3" branch="true" condition-coverage="50% (1/2)"/>
            <line number="531" hits="0" branch="false"/>
            <line number="534" hits="3" branch="true" condition-coverage="50% (1/2)"/>
            <line number="535" hits="0" branch="false"/>
            <line number="537" hits="3" branch="true" condition-coverage="50% (1/2)"/>
            <line number="539" hits="0" branch="true" condition-coverage="0% (0/2)"/>
            <line number="541" hits="0" branch="false"/>
            <line number="542" hits="0" branch="false"/>
            <line number="544" hits="0" branch="true" condition-coverage="0% (0/4)"/>
            <line number="545" hits="0" branch="false"/>
            <line number="548" hits="3" branch="false"/>
            <line number="552" hits="2" branch="false"/>
            <line number="554" hits="1" branch="false"/>
            <line number="564" hits="3" branch="false"/>
            <line number="565" hits="3" branch="false"/>
            <line number="569" hits="3" branch="false"/>
            <line number="576" hits="0" branch="false"/>
            <line number="586" hits="2" branch="false"/>
            <line number="587" hits="2" branch="false"/>
            <line number="591" hits="2" branch="false"/>
            <line number="598" hits="0" branch="false"/>
            <line number="612" hits="5" branch="false"/>
            <line number="613" hits="5" branch="false"/>
            <line number="614" hits="4" branch="false"/>
            <line number="615" hits="4" branch="false"/>
            <line number="616" hits="4" branch="false"/>
            <line number="617" hits="27" branch="true" condition-coverage="100% (2/2)"/>
            <line number="618" hits="3" branch="false"/>
            <line number="619" hits="3" branch="false"/>
            <line number="621" hits="24" branch="true" condition-coverage="100% (2/2)"/>
            <line number="622" hits="3" branch="false"/>
            <line number="625" hits="4" branch="true" condition-coverage="100% (2/2)"/>
            <line number="626" hits="1" branch="false"/>
            <line number="628" hits="3" branch="false"/>
            <line number="629" hits="3" branch="false"/>
            <line number="630" hits="3" branch="false"/>
            <line number="631" hits="27" branch="true" condition-coverage="100% (4/4)"/>
            <line number="634" hits="3" branch="false"/>
            <line number="635" hits="3" branch="false"/>
            <line number="638" hits="3" branch="false"/>
            <line number="639" hits="3" branch="true" condition-coverage="50% (1/2)"/>
            <line number="640" hits="3" branch="true" condition-coverage="50% (1/2)"/>
            <line number="641" hits="0" branch="false"/>
            <line number="642" hits="0" branch="false"/>
            <line number="644" hits="3" branch="false"/>
            <line number="645" hits="3" branch="true" condition-coverage="100% (4/4)"/>
            <line number="646" hits="3" branch="false"/>
            <line number="648" hits="0" branch="false"/>
            <line number="649" hits="0" branch="true" condition-coverage="0% (0/2)"/>
            <line number="650" hits="0" branch="false"/>
            <line number="654" hits="2" branch="false"/>
            <line number="658" hits="1" branch="false"/>
          </lines>
        </class>
        <class name="Wallet.js" filename="src/Wallet.js" line-rate="1" branch-rate="0.6666">
          <methods>
            <method name="(anonymous_0)" hits="68" signature="()V">
              <lines>
                <line number="22" hits="68"/>
              </lines>
            </method>
          </methods>
          <lines>
            <line number="1" hits="1" branch="false"/>
            <line number="2" hits="1" branch="false"/>
            <line number="3" hits="1" branch="false"/>
            <line number="4" hits="1" branch="false"/>
            <line number="23" hits="68" branch="true" condition-coverage="100% (2/2)"/>
            <line number="24" hits="68" branch="false"/>
            <line number="25" hits="68" branch="false"/>
            <line number="26" hits="68" branch="false"/>
            <line number="27" hits="68" branch="false"/>
            <line number="30" hits="1" branch="false"/>
          </lines>
        </class>
      </classes>
    </package>
    <package name="alicenetjs.src.Signers" line-rate="0.5361" branch-rate="0.5681">
      <classes>
        <class name="BNSigner.js" filename="src/Signers/BNSigner.js" line-rate="0.5531" branch-rate="0.5832999999999999">
          <methods>
            <method name="(anonymous_0)" hits="5" signature="()V">
              <lines>
                <line number="12" hits="5"/>
              </lines>
            </method>
            <method name="(anonymous_1)" hits="1" signature="()V">
              <lines>
                <line number="23" hits="1"/>
              </lines>
            </method>
            <method name="(anonymous_2)" hits="0" signature="()V">
              <lines>
                <line number="46" hits="0"/>
              </lines>
            </method>
            <method name="(anonymous_3)" hits="1" signature="()V">
              <lines>
                <line number="66" hits="1"/>
              </lines>
            </method>
            <method name="(anonymous_4)" hits="5" signature="()V">
              <lines>
                <line number="80" hits="5"/>
              </lines>
            </method>
            <method name="(anonymous_5)" hits="0" signature="()V">
              <lines>
                <line number="98" hits="0"/>
              </lines>
            </method>
            <method name="(anonymous_6)" hits="5" signature="()V">
              <lines>
                <line number="116" hits="5"/>
              </lines>
            </method>
          </methods>
          <lines>
            <line number="1" hits="1" branch="false"/>
            <line number="2" hits="1" branch="false"/>
            <line number="13" hits="5" branch="false"/>
            <line number="14" hits="5" branch="false"/>
            <line number="15" hits="5" branch="true" condition-coverage="100% (2/2)"/>
            <line number="24" hits="1" branch="false"/>
            <line number="25" hits="1" branch="false"/>
            <line number="26" hits="1" branch="true" condition-coverage="50% (1/2)"/>
            <line number="27" hits="0" branch="false"/>
            <line number="29" hits="1" branch="true" condition-coverage="50% (1/2)"/>
            <line number="30" hits="0" branch="false"/>
            <line number="32" hits="1" branch="false"/>
            <line number="33" hits="1" branch="false"/>
            <line number="34" hits="1" branch="false"/>
            <line number="37" hits="0" branch="false"/>
            <line number="47" hits="0" branch="false"/>
            <line number="48" hits="0" branch="false"/>
            <line number="49" hits="0" branch="false"/>
            <line number="50" hits="0" branch="false"/>
            <line number="51" hits="0" branch="false"/>
            <line number="53" hits="0" branch="false"/>
            <line number="56" hits="0" branch="false"/>
            <line number="67" hits="1" branch="false"/>
            <line number="68" hits="1" branch="false"/>
            <line number="69" hits="1" branch="false"/>
            <line number="72" hits="0" branch="false"/>
            <line number="81" hits="5" branch="false"/>
            <line number="82" hits="5" branch="true" condition-coverage="50% (1/2)"/>
            <line number="83" hits="0" branch="false"/>
            <line number="85" hits="5" branch="false"/>
            <line number="86" hits="5" branch="false"/>
            <line number="89" hits="0" branch="false"/>
            <line number="99" hits="0" branch="false"/>
            <line number="100" hits="0" branch="false"/>
            <line number="101" hits="0" branch="true" condition-coverage="0% (0/2)"/>
            <line number="102" hits="0" branch="false"/>
            <line number="104" hits="0" branch="false"/>
            <line number="105" hits="0" branch="false"/>
            <line number="108" hits="0" branch="false"/>
            <line number="117" hits="5" branch="false"/>
            <line number="118" hits="5" branch="true" condition-coverage="100% (2/2)"/>
            <line number="119" hits="4" branch="false"/>
            <line number="121" hits="5" branch="false"/>
            <line number="122" hits="5" branch="false"/>
            <line number="123" hits="5" branch="false"/>
            <line number="126" hits="0" branch="false"/>
            <line number="131" hits="1" branch="false"/>
          </lines>
        </class>
        <class name="MultiSig.js" filename="src/Signers/MultiSig.js" line-rate="0.32780000000000004" branch-rate="0.5">
          <methods>
            <method name="(anonymous_0)" hits="5" signature="()V">
              <lines>
                <line number="11" hits="5"/>
              </lines>
            </method>
            <method name="(anonymous_1)" hits="1" signature="()V">
              <lines>
                <line number="22" hits="1"/>
              </lines>
            </method>
            <method name="(anonymous_2)" hits="1" signature="()V">
              <lines>
                <line number="41" hits="1"/>
              </lines>
            </method>
            <method name="(anonymous_3)" hits="1" signature="()V">
              <lines>
                <line number="58" hits="1"/>
              </lines>
            </method>
            <method name="(anonymous_4)" hits="0" signature="()V">
              <lines>
                <line number="77" hits="0"/>
              </lines>
            </method>
            <method name="(anonymous_5)" hits="0" signature="()V">
              <lines>
                <line number="99" hits="0"/>
              </lines>
            </method>
            <method name="(anonymous_6)" hits="0" signature="()V">
              <lines>
                <line number="118" hits="0"/>
              </lines>
            </method>
            <method name="(anonymous_7)" hits="0" signature="()V">
              <lines>
                <line number="133" hits="0"/>
              </lines>
            </method>
            <method name="(anonymous_8)" hits="0" signature="()V">
              <lines>
                <line number="153" hits="0"/>
              </lines>
            </method>
            <method name="(anonymous_9)" hits="0" signature="()V">
              <lines>
                <line number="169" hits="0"/>
              </lines>
            </method>
          </methods>
          <lines>
            <line number="1" hits="1" branch="false"/>
            <line number="12" hits="5" branch="false"/>
            <line number="13" hits="5" branch="false"/>
            <line number="14" hits="5" branch="false"/>
            <line number="23" hits="1" branch="false"/>
            <line number="24" hits="1" branch="true" condition-coverage="75% (3/4)"/>
            <line number="25" hits="0" branch="false"/>
            <line number="27" hits="1" branch="false"/>
            <line number="28" hits="1" branch="false"/>
            <line number="29" hits="1" branch="false"/>
            <line number="30" hits="1" branch="false"/>
            <line number="33" hits="0" branch="false"/>
            <line number="42" hits="1" branch="false"/>
            <line number="43" hits="1" branch="true" condition-coverage="75% (3/4)"/>
            <line number="44" hits="0" branch="false"/>
            <line number="46" hits="1" branch="false"/>
            <line number="47" hits="1" branch="false"/>
            <line number="50" hits="0" branch="false"/>
            <line number="59" hits="1" branch="false"/>
            <line number="60" hits="1" branch="true" condition-coverage="75% (3/4)"/>
            <line number="61" hits="0" branch="false"/>
            <line number="63" hits="1" branch="false"/>
            <line number="64" hits="1" branch="false"/>
            <line number="65" hits="1" branch="false"/>
            <line number="68" hits="0" branch="false"/>
            <line number="78" hits="0" branch="false"/>
            <line number="79" hits="0" branch="true" condition-coverage="0% (0/2)"/>
            <line number="80" hits="0" branch="false"/>
            <line number="82" hits="0" branch="true" condition-coverage="0% (0/2)"/>
            <line number="83" hits="0" branch="false"/>
            <line number="85" hits="0" branch="false"/>
            <line number="86" hits="0" branch="false"/>
            <line number="87" hits="0" branch="false"/>
            <line number="90" hits="0" branch="false"/>
            <line number="100" hits="0" branch="false"/>
            <line number="101" hits="0" branch="false"/>
            <line number="102" hits="0" branch="false"/>
            <line number="103" hits="0" branch="false"/>
            <line number="104" hits="0" branch="false"/>
            <line number="106" hits="0" branch="false"/>
            <line number="109" hits="0" branch="false"/>
            <line number="119" hits="0" branch="false"/>
            <line number="120" hits="0" branch="false"/>
            <line number="121" hits="0" branch="false"/>
            <line number="124" hits="0" branch="false"/>
            <line number="134" hits="0" branch="false"/>
            <line number="135" hits="0" branch="false"/>
            <line number="136" hits="0" branch="false"/>
            <line number="137" hits="0" branch="false"/>
            <line number="138" hits="0" branch="false"/>
            <line number="140" hits="0" branch="false"/>
            <line number="143" hits="0" branch="false"/>
            <line number="154" hits="0" branch="false"/>
            <line number="155" hits="0" branch="false"/>
            <line number="156" hits="0" branch="false"/>
            <line number="159" hits="0" branch="false"/>
            <line number="170" hits="0" branch="false"/>
            <line number="171" hits="0" branch="false"/>
            <line number="172" hits="0" branch="false"/>
            <line number="175" hits="0" branch="false"/>
            <line number="179" hits="1" branch="false"/>
          </lines>
        </class>
        <class name="SecpSigner.js" filename="src/Signers/SecpSigner.js" line-rate="0.7413" branch-rate="0.6428">
          <methods>
            <method name="(anonymous_0)" hits="14" signature="()V">
              <lines>
                <line number="12" hits="14"/>
              </lines>
            </method>
            <method name="(anonymous_1)" hits="7" signature="()V">
              <lines>
                <line number="22" hits="7"/>
              </lines>
            </method>
            <method name="(anonymous_2)" hits="0" signature="()V">
              <lines>
                <line number="49" hits="0"/>
              </lines>
            </method>
            <method name="(anonymous_3)" hits="2" signature="()V">
              <lines>
                <line number="70" hits="2"/>
              </lines>
            </method>
            <method name="(anonymous_4)" hits="16" signature="()V">
              <lines>
                <line number="109" hits="16"/>
              </lines>
            </method>
            <method name="(anonymous_5)" hits="14" signature="()V">
              <lines>
                <line number="127" hits="14"/>
              </lines>
            </method>
          </methods>
          <lines>
            <line number="1" hits="1" branch="false"/>
            <line number="2" hits="1" branch="false"/>
            <line number="13" hits="14" branch="false"/>
            <line number="14" hits="14" branch="false"/>
            <line number="23" hits="7" branch="false"/>
            <line number="24" hits="7" branch="false"/>
            <line number="25" hits="7" branch="true" condition-coverage="50% (1/2)"/>
            <line number="26" hits="0" branch="false"/>
            <line number="28" hits="7" branch="true" condition-coverage="50% (1/2)"/>
            <line number="29" hits="0" branch="false"/>
            <line number="31" hits="7" branch="false"/>
            <line number="32" hits="7" branch="false"/>
            <line number="33" hits="7" branch="false"/>
            <line number="34" hits="7" branch="false"/>
            <line number="36" hits="7" branch="false"/>
            <line number="37" hits="7" branch="false"/>
            <line number="40" hits="0" branch="false"/>
            <line number="50" hits="0" branch="false"/>
            <line number="51" hits="0" branch="false"/>
            <line number="52" hits="0" branch="false"/>
            <line number="53" hits="0" branch="false"/>
            <line number="54" hits="0" branch="false"/>
            <line number="56" hits="0" branch="false"/>
            <line number="59" hits="0" branch="false"/>
            <line number="71" hits="2" branch="false"/>
            <line number="72" hits="2" branch="false"/>
            <line number="73" hits="2" branch="false"/>
            <line number="74" hits="2" branch="true" condition-coverage="75% (3/4)"/>
            <line number="75" hits="0" branch="false"/>
            <line number="78" hits="2" branch="false"/>
            <line number="79" hits="2" branch="false"/>
            <line number="81" hits="2" branch="false"/>
            <line number="83" hits="2" branch="false"/>
            <line number="85" hits="2" branch="false"/>
            <line number="86" hits="2" branch="false"/>
            <line number="88" hits="2" branch="false"/>
            <line number="90" hits="2" branch="false"/>
            <line number="91" hits="2" branch="false"/>
            <line number="93" hits="2" branch="false"/>
            <line number="95" hits="2" branch="true" condition-coverage="100% (2/2)"/>
            <line number="96" hits="1" branch="false"/>
            <line number="98" hits="1" branch="false"/>
            <line number="101" hits="1" branch="false"/>
            <line number="110" hits="16" branch="false"/>
            <line number="111" hits="16" branch="true" condition-coverage="50% (1/2)"/>
            <line number="112" hits="0" branch="false"/>
            <line number="114" hits="16" branch="false"/>
            <line number="115" hits="16" branch="false"/>
            <line number="118" hits="0" branch="false"/>
            <line number="128" hits="14" branch="false"/>
            <line number="129" hits="14" branch="false"/>
            <line number="130" hits="14" branch="false"/>
            <line number="131" hits="14" branch="true" condition-coverage="50% (1/2)"/>
            <line number="132" hits="0" branch="false"/>
            <line number="134" hits="14" branch="false"/>
            <line number="135" hits="14" branch="false"/>
            <line number="138" hits="0" branch="false"/>
            <line number="143" hits="1" branch="false"/>
          </lines>
        </class>
      </classes>
    </package>
    <package name="alicenetjs.src.Transaction" line-rate="0.2571" branch-rate="0.1617">
      <classes>
        <class name="Tx.js" filename="src/Transaction/Tx.js" line-rate="0.2571" branch-rate="0.1617">
          <methods>
            <method name="(anonymous_0)" hits="71" signature="()V">
              <lines>
                <line number="14" hits="71"/>
              </lines>
            </method>
            <method name="(anonymous_1)" hits="7" signature="()V">
              <lines>
                <line number="28" hits="7"/>
              </lines>
            </method>
            <method name="(anonymous_2)" hits="0" signature="()V">
              <lines>
                <line number="42" hits="0"/>
              </lines>
            </method>
            <method name="(anonymous_3)" hits="0" signature="()V">
              <lines>
                <line number="58" hits="0"/>
              </lines>
            </method>
            <method name="(anonymous_4)" hits="5" signature="()V">
              <lines>
                <line number="105" hits="5"/>
              </lines>
            </method>
            <method name="(anonymous_5)" hits="5" signature="()V">
              <lines>
                <line number="121" hits="5"/>
              </lines>
            </method>
            <method name="(anonymous_6)" hits="5" signature="()V">
              <lines>
                <line number="137" hits="5"/>
              </lines>
            </method>
            <method name="(anonymous_7)" hits="5" signature="()V">
              <lines>
                <line number="152" hits="5"/>
              </lines>
            </method>
            <method name="(anonymous_8)" hits="5" signature="()V">
              <lines>
                <line number="175" hits="5"/>
              </lines>
            </method>
            <method name="(anonymous_9)" hits="13" signature="()V">
              <lines>
                <line number="195" hits="13"/>
              </lines>
            </method>
            <method name="(anonymous_10)" hits="13" signature="()V">
              <lines>
                <line number="224" hits="13"/>
              </lines>
            </method>
            <method name="(anonymous_11)" hits="13" signature="()V">
              <lines>
                <line number="250" hits="13"/>
              </lines>
            </method>
            <method name="(anonymous_12)" hits="0" signature="()V">
              <lines>
                <line number="273" hits="0"/>
              </lines>
            </method>
            <method name="(anonymous_13)" hits="0" signature="()V">
              <lines>
                <line number="300" hits="0"/>
              </lines>
            </method>
            <method name="(anonymous_14)" hits="3" signature="()V">
              <lines>
                <line number="316" hits="3"/>
              </lines>
            </method>
            <method name="(anonymous_15)" hits="0" signature="()V">
              <lines>
                <line number="325" hits="0"/>
              </lines>
            </method>
            <method name="(anonymous_16)" hits="0" signature="()V">
              <lines>
                <line number="388" hits="0"/>
              </lines>
            </method>
            <method name="(anonymous_17)" hits="0" signature="()V">
              <lines>
                <line number="405" hits="0"/>
              </lines>
            </method>
            <method name="(anonymous_18)" hits="2" signature="()V">
              <lines>
                <line number="433" hits="2"/>
              </lines>
            </method>
            <method name="(anonymous_19)" hits="2" signature="()V">
              <lines>
                <line number="448" hits="2"/>
              </lines>
            </method>
            <method name="(anonymous_20)" hits="0" signature="()V">
              <lines>
                <line number="500" hits="0"/>
              </lines>
            </method>
            <method name="(anonymous_21)" hits="0" signature="()V">
              <lines>
                <line number="565" hits="0"/>
              </lines>
            </method>
          </methods>
          <lines>
            <line number="1" hits="1" branch="false"/>
            <line number="2" hits="1" branch="false"/>
            <line number="3" hits="1" branch="false"/>
            <line number="15" hits="71" branch="false"/>
            <line number="17" hits="71" branch="false"/>
            <line number="18" hits="71" branch="false"/>
            <line number="19" hits="71" branch="false"/>
            <line number="21" hits="71" branch="false"/>
            <line number="29" hits="7" branch="false"/>
            <line number="43" hits="0" branch="false"/>
            <line number="44" hits="0" branch="false"/>
            <line number="45" hits="0" branch="false"/>
            <line number="46" hits="0" branch="false"/>
            <line number="49" hits="0" branch="false"/>
            <line number="59" hits="0" branch="false"/>
            <line number="60" hits="0" branch="true" condition-coverage="0% (0/2)"/>
            <line number="61" hits="0" branch="false"/>
            <line number="63" hits="0" branch="false"/>
            <line number="64" hits="0" branch="false"/>
            <line number="65" hits="0" branch="false"/>
            <line number="66" hits="0" branch="false"/>
            <line number="67" hits="0" branch="false"/>
            <line number="69" hits="0" branch="true" condition-coverage="0% (0/2)"/>
            <line number="70" hits="0" branch="false"/>
            <line number="71" hits="0" branch="false"/>
            <line number="72" hits="0" branch="false"/>
            <line number="75" hits="0" branch="false"/>
            <line number="76" hits="0" branch="false"/>
            <line number="78" hits="0" branch="false"/>
            <line number="96" hits="0" branch="false"/>
            <line number="106" hits="5" branch="false"/>
            <line number="122" hits="5" branch="false"/>
            <line number="138" hits="5" branch="false"/>
            <line number="153" hits="5" branch="false"/>
            <line number="164" hits="5" branch="false"/>
            <line number="176" hits="5" branch="false"/>
            <line number="196" hits="13" branch="false"/>
            <line number="210" hits="13" branch="false"/>
            <line number="225" hits="13" branch="false"/>
            <line number="251" hits="13" branch="false"/>
            <line number="274" hits="0" branch="false"/>
            <line number="287" hits="0" branch="false"/>
            <line number="301" hits="0" branch="false"/>
            <line number="317" hits="3" branch="false"/>
            <line number="326" hits="0" branch="true" condition-coverage="0% (0/2)"/>
            <line number="327" hits="0" branch="false"/>
            <line number="329" hits="0" branch="false"/>
            <line number="330" hits="0" branch="false"/>
            <line number="331" hits="0" branch="false"/>
            <line number="332" hits="0" branch="false"/>
            <line number="334" hits="0" branch="false"/>
            <line number="335" hits="0" branch="true" condition-coverage="0% (0/4)"/>
            <line number="337" hits="0" branch="false"/>
            <line number="338" hits="0" branch="false"/>
            <line number="339" hits="0" branch="false"/>
            <line number="340" hits="0" branch="false"/>
            <line number="343" hits="0" branch="false"/>
            <line number="344" hits="0" branch="false"/>
            <line number="345" hits="0" branch="false"/>
            <line number="346" hits="0" branch="false"/>
            <line number="347" hits="0" branch="false"/>
            <line number="348" hits="0" branch="false"/>
            <line number="349" hits="0" branch="false"/>
            <line number="350" hits="0" branch="true" condition-coverage="0% (0/4)"/>
            <line number="351" hits="0" branch="false"/>
            <line number="352" hits="0" branch="true" condition-coverage="0% (0/2)"/>
            <line number="353" hits="0" branch="false"/>
            <line number="356" hits="0" branch="false"/>
            <line number="357" hits="0" branch="false"/>
            <line number="358" hits="0" branch="false"/>
            <line number="361" hits="0" branch="false"/>
            <line number="362" hits="0" branch="false"/>
            <line number="363" hits="0" branch="false"/>
            <line number="364" hits="0" branch="false"/>
            <line number="367" hits="0" branch="false"/>
            <line number="371" hits="0" branch="false"/>
            <line number="372" hits="0" branch="false"/>
            <line number="373" hits="0" branch="false"/>
            <line number="374" hits="0" branch="false"/>
            <line number="375" hits="0" branch="false"/>
            <line number="377" hits="0" branch="false"/>
            <line number="389" hits="0" branch="false"/>
            <line number="390" hits="0" branch="false"/>
            <line number="391" hits="0" branch="false"/>
            <line number="392" hits="0" branch="false"/>
            <line number="393" hits="0" branch="false"/>
            <line number="394" hits="0" branch="false"/>
            <line number="395" hits="0" branch="false"/>
            <line number="397" hits="0" branch="false"/>
            <line number="406" hits="0" branch="false"/>
            <line number="407" hits="0" branch="false"/>
            <line number="408" hits="0" branch="false"/>
            <line number="409" hits="0" branch="false"/>
            <line number="410" hits="0" branch="false"/>
            <line number="411" hits="0" branch="false"/>
            <line number="412" hits="0" branch="false"/>
            <line number="413" hits="0" branch="false"/>
            <line number="414" hits="0" branch="false"/>
            <line number="416" hits="0" branch="false"/>
            <line number="417" hits="0" branch="true" condition-coverage="0% (0/2)"/>
            <line number="418" hits="0" branch="false"/>
            <line number="420" hits="0" branch="false"/>
            <line number="421" hits="0" branch="false"/>
            <line number="423" hits="0" branch="false"/>
            <line number="426" hits="0" branch="false"/>
            <line number="434" hits="2" branch="false"/>
            <line number="435" hits="2" branch="false"/>
            <line number="436" hits="2" branch="false"/>
            <line number="437" hits="2" branch="false"/>
            <line number="438" hits="2" branch="false"/>
            <line number="439" hits="2" branch="false"/>
            <line number="441" hits="0" branch="false"/>
            <line number="449" hits="2" branch="false"/>
            <line number="450" hits="2" branch="false"/>
            <line number="451" hits="2" branch="false"/>
            <line number="452" hits="3" branch="false"/>
            <line number="453" hits="3" branch="false"/>
            <line number="454" hits="3" branch="true" condition-coverage="100% (2/2)"/>
            <line number="456" hits="3" branch="false"/>
            <line number="457" hits="4" branch="true" condition-coverage="100% (4/4)"/>
            <line number="458" hits="3" branch="false"/>
            <line number="459" hits="3" branch="false"/>
            <line number="462" hits="3" branch="true" condition-coverage="50% (1/2)"/>
            <line number="463" hits="0" branch="false"/>
            <line number="465" hits="3" branch="false"/>
            <line number="466" hits="3" branch="false"/>
            <line number="468" hits="3" branch="true" condition-coverage="100% (2/2)"/>
            <line number="469" hits="1" branch="false"/>
            <line number="471" hits="2" branch="false"/>
            <line number="473" hits="3" branch="false"/>
            <line number="474" hits="3" branch="false"/>
            <line number="476" hits="2" branch="false"/>
            <line number="477" hits="4" branch="false"/>
            <line number="478" hits="4" branch="true" condition-coverage="100% (2/2)"/>
            <line number="479" hits="1" branch="false"/>
[...]
                <line number="4" hits="0"/>
              </lines>
            </method>
          </methods>
          <lines>
            <line number="1" hits="1" branch="false"/>
            <line number="2" hits="1" branch="false"/>
            <line number="3" hits="1" branch="false"/>
            <line number="5" hits="0" branch="false"/>
            <line number="6" hits="0" branch="true" condition-coverage="0% (0/2)"/>
            <line number="7" hits="0" branch="false"/>
            <line number="9" hits="0" branch="false"/>
            <line number="10" hits="0" branch="false"/>
            <line number="11" hits="0" branch="false"/>
            <line number="12" hits="0" branch="false"/>
            <line number="15" hits="0" branch="false"/>
          </lines>
        </class>
        <class name="String.js" filename="src/Util/String.js" line-rate="0.75" branch-rate="1">
          <methods>
            <method name="(anonymous_0)" hits="81" signature="()V">
              <lines>
                <line number="2" hits="81"/>
              </lines>
            </method>
          </methods>
          <lines>
            <line number="1" hits="1" branch="false"/>
            <line number="3" hits="81" branch="false"/>
            <line number="4" hits="81" branch="false"/>
            <line number="7" hits="0" branch="false"/>
          </lines>
        </class>
        <class name="Tx.js" filename="src/Util/Tx.js" line-rate="0.7761" branch-rate="0.5714">
          <methods>
            <method name="(anonymous_0)" hits="1" signature="()V">
              <lines>
                <line number="13" hits="1"/>
              </lines>
            </method>
            <method name="(anonymous_1)" hits="27" signature="()V">
              <lines>
                <line number="39" hits="27"/>
              </lines>
            </method>
            <method name="(anonymous_2)" hits="18" signature="()V">
              <lines>
                <line number="63" hits="18"/>
              </lines>
            </method>
            <method name="(anonymous_3)" hits="2" signature="()V">
              <lines>
                <line number="83" hits="2"/>
              </lines>
            </method>
            <method name="(anonymous_4)" hits="2" signature="()V">
              <lines>
                <line number="118" hits="2"/>
              </lines>
            </method>
            <method name="(anonymous_5)" hits="15" signature="()V">
              <lines>
                <line number="140" hits="15"/>
              </lines>
            </method>
          </methods>
          <lines>
            <line number="1" hits="1" branch="false"/>
            <line number="2" hits="1" branch="false"/>
            <line number="7" hits="1" branch="false"/>
            <line number="14" hits="1" branch="false"/>
            <line number="15" hits="1" branch="false"/>
            <line number="16" hits="1" branch="true" condition-coverage="50% (1/2)"/>
            <line number="17" hits="0" branch="false"/>
            <line number="19" hits="1" branch="false"/>
            <line number="20" hits="1" branch="true" condition-coverage="50% (1/2)"/>
            <line number="21" hits="0" branch="false"/>
            <line number="23" hits="1" branch="false"/>
            <line number="24" hits="1" branch="false"/>
            <line number="25" hits="1" branch="false"/>
            <line number="26" hits="1" branch="false"/>
            <line number="28" hits="0" branch="false"/>
            <line number="40" hits="27" branch="false"/>
            <line number="41" hits="27" branch="false"/>
            <line number="42" hits="27" branch="false"/>
            <line number="43" hits="27" branch="false"/>
            <line number="44" hits="27" branch="true" condition-coverage="80% (4/5)"/>
            <line number="45" hits="0" branch="false"/>
            <line number="47" hits="27" branch="false"/>
            <line number="48" hits="27" branch="false"/>
            <line number="49" hits="27" branch="false"/>
            <line number="50" hits="27" branch="false"/>
            <line number="51" hits="27" branch="false"/>
            <line number="53" hits="0" branch="false"/>
            <line number="64" hits="18" branch="false"/>
            <line number="66" hits="18" branch="false"/>
            <line number="67" hits="18" branch="false"/>
            <line number="68" hits="18" branch="true" condition-coverage="50% (1/2)"/>
            <line number="69" hits="0" branch="false"/>
            <line number="71" hits="18" branch="false"/>
            <line number="72" hits="18" branch="false"/>
            <line number="74" hits="0" branch="false"/>
            <line number="84" hits="2" branch="false"/>
            <line number="86" hits="2" branch="false"/>
            <line number="87" hits="2" branch="false"/>
            <line number="88" hits="2" branch="false"/>
            <line number="89" hits="2" branch="false"/>
            <line number="90" hits="2" branch="true" condition-coverage="50% (1/2)"/>
            <line number="91" hits="0" branch="false"/>
            <line number="93" hits="2" branch="false"/>
            <line number="94" hits="2" branch="false"/>
            <line number="95" hits="2" branch="false"/>
            <line number="96" hits="2" branch="false"/>
            <line number="97" hits="2" branch="true" condition-coverage="50% (1/2)"/>
            <line number="98" hits="0" branch="false"/>
            <line number="100" hits="2" branch="true" condition-coverage="50% (1/2)"/>
            <line number="101" hits="0" branch="false"/>
            <line number="103" hits="2" branch="false"/>
            <line number="104" hits="2" branch="false"/>
            <line number="105" hits="2" branch="false"/>
            <line number="106" hits="2" branch="false"/>
            <line number="108" hits="0" branch="false"/>
            <line number="119" hits="2" branch="false"/>
            <line number="120" hits="2" branch="true" condition-coverage="50% (1/2)"/>
            <line number="121" hits="0" branch="false"/>
            <line number="123" hits="2" branch="false"/>
            <line number="124" hits="2" branch="true" condition-coverage="50% (1/2)"/>
            <line number="125" hits="0" branch="false"/>
            <line number="127" hits="2" branch="false"/>
            <line number="128" hits="2" branch="false"/>
            <line number="130" hits="0" branch="false"/>
            <line number="141" hits="15" branch="false"/>
            <line number="142" hits="15" branch="false"/>
            <line number="145" hits="0" branch="false"/>
          </lines>
        </class>
        <class name="Validator.js" filename="src/Util/Validator.js" line-rate="0.8378" branch-rate="0.8409">
          <methods>
            <method name="(anonymous_0)" hits="430" signature="()V">
              <lines>
                <line number="6" hits="430"/>
              </lines>
            </method>
            <method name="(anonymous_1)" hits="22" signature="()V">
              <lines>
                <line number="29" hits="22"/>
              </lines>
            </method>
            <method name="(anonymous_2)" hits="248" signature="()V">
              <lines>
                <line number="51" hits="248"/>
              </lines>
            </method>
            <method name="(anonymous_3)" hits="27" signature="()V">
              <lines>
                <line number="72" hits="27"/>
              </lines>
            </method>
            <method name="(anonymous_4)" hits="144" signature="()V">
              <lines>
                <line number="87" hits="144"/>
              </lines>
            </method>
            <method name="(anonymous_5)" hits="45" signature="()V">
              <lines>
                <line number="107" hits="45"/>
              </lines>
            </method>
            <method name="(anonymous_6)" hits="96" signature="()V">
              <lines>
                <line number="117" hits="96"/>
              </lines>
            </method>
            <method name="(anonymous_7)" hits="15" signature="()V">
              <lines>
                <line number="134" hits="15"/>
              </lines>
            </method>
            <method name="(anonymous_8)" hits="0" signature="()V">
              <lines>
                <line number="145" hits="0"/>
              </lines>
            </method>
            <method name="(anonymous_9)" hits="21" signature="()V">
              <lines>
                <line number="154" hits="21"/>
              </lines>
            </method>
          </methods>
          <lines>
            <line number="4" hits="1" branch="false"/>
            <line number="5" hits="1" branch="false"/>
            <line number="7" hits="430" branch="false"/>
            <line number="8" hits="430" branch="true" condition-coverage="75% (3/4)"/>
            <line number="11" hits="0" branch="false"/>
            <line number="13" hits="430" branch="true" condition-coverage="100% (2/2)"/>
            <line number="14" hits="33" branch="false"/>
            <line number="16" hits="430" branch="true" condition-coverage="100% (2/2)"/>
            <line number="17" hits="3" branch="false"/>
            <line number="19" hits="427" branch="true" condition-coverage="100% (2/2)"/>
            <line number="20" hits="4" branch="false"/>
            <line number="22" hits="427" branch="false"/>
            <line number="25" hits="3" branch="false"/>
            <line number="30" hits="22" branch="false"/>
            <line number="31" hits="22" branch="true" condition-coverage="100% (2/2)"/>
            <line number="32" hits="1" branch="false"/>
            <line number="34" hits="21" branch="true" condition-coverage="100% (4/4)"/>
            <line number="35" hits="1" branch="false"/>
            <line number="37" hits="20" branch="false"/>
            <line number="38" hits="19" branch="true" condition-coverage="75% (3/4)"/>
            <line number="41" hits="0" branch="false"/>
            <line number="43" hits="19" branch="false"/>
            <line number="46" hits="3" branch="false"/>
            <line number="52" hits="248" branch="false"/>
            <line number="53" hits="248" branch="true" condition-coverage="100% (2/2)"/>
            <line number="54" hits="1" branch="false"/>
            <line number="56" hits="247" branch="true" condition-coverage="100% (2/2)"/>
            <line number="57" hits="26" branch="false"/>
            <line number="58" hits="26" branch="false"/>
            <line number="60" hits="221" branch="true" condition-coverage="75% (3/4)"/>
            <line number="63" hits="0" branch="false"/>
            <line number="65" hits="221" branch="false"/>
            <line number="68" hits="1" branch="false"/>
            <line number="73" hits="27" branch="false"/>
            <line number="74" hits="27" branch="false"/>
            <line number="75" hits="27" branch="true" condition-coverage="100% (4/4)"/>
            <line number="78" hits="1" branch="false"/>
            <line number="80" hits="26" branch="false"/>
            <line number="83" hits="1" branch="false"/>
            <line number="88" hits="144" branch="false"/>
            <line number="89" hits="144" branch="true" condition-coverage="100% (2/2)"/>
            <line number="90" hits="1" branch="false"/>
            <line number="92" hits="143" branch="false"/>
            <line number="93" hits="143" branch="true" condition-coverage="50% (2/4)"/>
            <line number="94" hits="0" branch="false"/>
            <line number="96" hits="143" branch="false"/>
            <line number="97" hits="143" branch="true" condition-coverage="50% (1/2)"/>
            <line number="98" hits="0" branch="false"/>
            <line number="100" hits="143" branch="false"/>
            <line number="103" hits="1" branch="false"/>
            <line number="108" hits="45" branch="false"/>
            <line number="109" hits="45" branch="false"/>
            <line number="110" hits="44" branch="false"/>
            <line number="113" hits="1" branch="false"/>
            <line number="118" hits="96" branch="false"/>
            <line number="119" hits="96" branch="false"/>
            <line number="120" hits="96" branch="true" condition-coverage="50% (1/2)"/>
            <line number="121" hits="0" branch="false"/>
            <line number="123" hits="96" branch="false"/>
            <line number="124" hits="96" branch="true" condition-coverage="100% (2/2)"/>
            <line number="125" hits="91" branch="false"/>
            <line number="127" hits="96" branch="false"/>
            <line number="130" hits="0" branch="false"/>
            <line number="135" hits="15" branch="false"/>
            <line number="136" hits="15" branch="false"/>
            <line number="137" hits="15" branch="false"/>
            <line number="138" hits="15" branch="false"/>
            <line number="141" hits="0" branch="false"/>
            <line number="146" hits="0" branch="false"/>
            <line number="147" hits="0" branch="false"/>
            <line number="150" hits="0" branch="false"/>
            <line number="155" hits="21" branch="false"/>
            <line number="156" hits="21" branch="false"/>
            <line number="159" hits="0" branch="false"/>
          </lines>
        </class>
        <class name="VerifySignature.js" filename="src/Util/VerifySignature.js" line-rate="0.1176" branch-rate="0">
          <methods>
            <method name="(anonymous_0)" hits="0" signature="()V">
              <lines>
                <line number="6" hits="0"/>
              </lines>
            </method>
            <method name="(anonymous_1)" hits="0" signature="()V">
              <lines>
                <line number="21" hits="0"/>
              </lines>
            </method>
            <method name="(anonymous_2)" hits="0" signature="()V">
              <lines>
                <line number="42" hits="0"/>
              </lines>
            </method>
            <method name="(anonymous_3)" hits="0" signature="()V">
              <lines>
                <line number="51" hits="0"/>
              </lines>
            </method>
          </methods>
          <lines>
            <line number="1" hits="1" branch="false"/>
            <line number="2" hits="1" branch="false"/>
            <line number="3" hits="1" branch="false"/>
            <line number="5" hits="1" branch="false"/>
            <line number="7" hits="0" branch="false"/>
            <line number="8" hits="0" branch="true" condition-coverage="0% (0/4)"/>
            <line number="9" hits="0" branch="false"/>
            <line number="11" hits="0" branch="false"/>
            <line number="12" hits="0" branch="false"/>
            <line number="13" hits="0" branch="false"/>
            <line number="14" hits="0" branch="false"/>
            <line number="17" hits="0" branch="false"/>
            <line number="22" hits="0" branch="false"/>
            <line number="23" hits="0" branch="true" condition-coverage="0% (0/5)"/>
            <line number="24" hits="0" branch="false"/>
            <line number="26" hits="0" branch="false"/>
            <line number="27" hits="0" branch="false"/>
            <line number="28" hits="0" branch="false"/>
            <line number="29" hits="0" branch="false"/>
            <line number="30" hits="0" branch="false"/>
            <line number="31" hits="0" branch="false"/>
            <line number="32" hits="0" branch="false"/>
            <line number="33" hits="0" branch="true" condition-coverage="0% (0/2)"/>
            <line number="34" hits="0" branch="false"/>
            <line number="36" hits="0" branch="false"/>
            <line number="38" hits="0" branch="false"/>
            <line number="43" hits="0" branch="false"/>
            <line number="44" hits="0" branch="false"/>
            <line number="47" hits="0" branch="false"/>
            <line number="52" hits="0" branch="false"/>
            <line number="53" hits="0" branch="false"/>
            <line number="54" hits="0" branch="false"/>
            <line number="55" hits="0" branch="false"/>
            <line number="58" hits="0" branch="false"/>
          </lines>
        </class>
        <class name="Verifysignature.js" filename="src/Util/Verifysignature.js" line-rate="0.29410000000000003" branch-rate="0.2727">
          <methods>
            <method name="(anonymous_0)" hits="1" signature="()V">
              <lines>
                <line number="6" hits="1"/>
              </lines>
            </method>
            <method name="(anonymous_1)" hits="0" signature="()V">
              <lines>
                <line number="21" hits="0"/>
              </lines>
            </method>
            <method name="(anonymous_2)" hits="0" signature="()V">
              <lines>
                <line number="42" hits="0"/>
              </lines>
            </method>
            <method name="(anonymous_3)" hits="0" signature="()V">
              <lines>
                <line number="51" hits="0"/>
              </lines>
            </method>
          </methods>
          <lines>
            <line number="1" hits="1" branch="false"/>
            <line number="2" hits="1" branch="false"/>
            <line number="3" hits="1" branch="false"/>
            <line number="5" hits="1" branch="false"/>
            <line number="7" hits="1" branch="false"/>
            <line number="8" hits="1" branch="true" condition-coverage="75% (3/4)"/>
            <line number="9" hits="0" branch="false"/>
            <line number="11" hits="1" branch="false"/>
            <line number="12" hits="1" branch="false"/>
            <line number="13" hits="1" branch="false"/>
            <line number="14" hits="1" branch="false"/>
            <line number="17" hits="0" branch="false"/>
            <line number="22" hits="0" branch="false"/>
            <line number="23" hits="0" branch="true" condition-coverage="0% (0/5)"/>
            <line number="24" hits="0" branch="false"/>
            <line number="26" hits="0" branch="false"/>
            <line number="27" hits="0" branch="false"/>
            <line number="28" hits="0" branch="false"/>
            <line number="29" hits="0" branch="false"/>
            <line number="30" hits="0" branch="false"/>
            <line number="31" hits="0" branch="false"/>
            <line number="32" hits="0" branch="false"/>
            <line number="33" hits="0" branch="true" condition-coverage="0% (0/2)"/>
            <line number="34" hits="0" branch="false"/>
            <line number="36" hits="0" branch="false"/>
            <line number="38" hits="0" branch="false"/>
            <line number="43" hits="0" branch="false"/>
            <line number="44" hits="0" branch="false"/>
            <line number="47" hits="0" branch="false"/>
            <line number="52" hits="0" branch="false"/>
            <line number="53" hits="0" branch="false"/>
            <line number="54" hits="0" branch="false"/>
            <line number="55" hits="0" branch="false"/>
            <line number="58" hits="0" branch="false"/>
          </lines>
        </class>
        <class name="index.js" filename="src/Util/index.js" line-rate="1" branch-rate="1">
          <methods>
          </methods>
          <lines>
            <line number="1" hits="1" branch="false"/>
            <line number="2" hits="1" branch="false"/>
            <line number="3" hits="1" branch="false"/>
            <line number="4" hits="1" branch="false"/>
            <line number="5" hits="1" branch="false"/>
            <line number="6" hits="1" branch="false"/>
            <line number="7" hits="1" branch="false"/>
            <line number="12" hits="1" branch="false"/>
          </lines>
        </class>
      </classes>
    </package>
  </packages>
</coverage>
